{"numFailedTestSuites":1,"numFailedTests":5,"numPassedTestSuites":0,"numPassedTests":9,"numPendingTestSuites":0,"numPendingTests":0,"numRuntimeErrorTestSuites":0,"numTodoTests":0,"numTotalTestSuites":1,"numTotalTests":14,"openHandles":[],"snapshot":{"added":0,"didUpdate":false,"failure":false,"filesAdded":0,"filesRemoved":0,"filesRemovedList":[],"filesUnmatched":0,"filesUpdated":0,"matched":0,"total":0,"unchecked":0,"uncheckedKeysByFile":[],"unmatched":0,"updated":0},"startTime":1772036249101,"success":false,"testResults":[{"assertionResults":[{"ancestorTitles":["Component Performance Tests","PropertyGrid Performance"],"duration":130,"failing":false,"failureDetails":[{"matcherResult":{"message":"expect(received).toBeLessThan(expected)\n\nExpected: < 100\nReceived:   100","pass":false}}],"failureMessages":["Error: expect(received).toBeLessThan(expected)\n\nExpected: < 100\nReceived:   100\n    at Object.toBeLessThan (/Users/rediballa/real-estate-website/src/__tests__/performance/component-performance.test.tsx:134:24)"],"fullName":"Component Performance Tests PropertyGrid Performance renders small property list efficiently","invocations":1,"location":null,"numPassingAsserts":0,"retryReasons":[],"startAt":1772036249947,"status":"failed","title":"renders small property list efficiently"},{"ancestorTitles":["Component Performance Tests","PropertyGrid Performance"],"duration":263,"failing":false,"failureDetails":[],"failureMessages":[],"fullName":"Component Performance Tests PropertyGrid Performance renders medium property list within acceptable time","invocations":1,"location":null,"numPassingAsserts":1,"retryReasons":[],"startAt":1772036250083,"status":"passed","title":"renders medium property list within acceptable time"},{"ancestorTitles":["Component Performance Tests","PropertyGrid Performance"],"duration":626,"failing":false,"failureDetails":[{"matcherResult":{"message":"expect(received).toBeLessThan(expected)\n\nExpected: < 500\nReceived:   590","pass":false}}],"failureMessages":["Error: expect(received).toBeLessThan(expected)\n\nExpected: < 500\nReceived:   590\n    at Object.toBeLessThan (/Users/rediballa/real-estate-website/src/__tests__/performance/component-performance.test.tsx:156:24)"],"fullName":"Component Performance Tests PropertyGrid Performance handles large property list with virtualization","invocations":1,"location":null,"numPassingAsserts":0,"retryReasons":[],"startAt":1772036250347,"status":"failed","title":"handles large property list with virtualization"},{"ancestorTitles":["Component Performance Tests","PropertyGrid Performance"],"duration":186,"failing":false,"failureDetails":[{"matcherResult":{"message":"expect(received).toBeLessThan(expected)\n\nExpected: < 50\nReceived:   85","pass":false}}],"failureMessages":["Error: expect(received).toBeLessThan(expected)\n\nExpected: < 50\nReceived:   85\n    at Object.toBeLessThan (/Users/rediballa/real-estate-website/src/__tests__/performance/component-performance.test.tsx:170:24)"],"fullName":"Component Performance Tests PropertyGrid Performance updates efficiently when properties change","invocations":1,"location":null,"numPassingAsserts":0,"retryReasons":[],"startAt":1772036250973,"status":"failed","title":"updates efficiently when properties change"},{"ancestorTitles":["Component Performance Tests","SearchFilters Performance"],"duration":11,"failing":false,"failureDetails":[],"failureMessages":[],"fullName":"Component Performance Tests SearchFilters Performance renders search filters quickly","invocations":1,"location":null,"numPassingAsserts":1,"retryReasons":[],"startAt":1772036251159,"status":"passed","title":"renders search filters quickly"},{"ancestorTitles":["Component Performance Tests","SearchFilters Performance"],"duration":17,"failing":false,"failureDetails":[{"name":"TestingLibraryElementError"}],"failureMessages":["TestingLibraryElementError: Unable to find an element with the placeholder text of: /Nga \\(/i\n\nIgnored nodes: comments, script, style\n\u001b[36m<body>\u001b[39m\n  \u001b[36m<div>\u001b[39m\n    \u001b[36m<div\u001b[39m\n      \u001b[33mclass\u001b[39m=\u001b[32m\"card p-5 sm:p-6 md:p-8 mb-4 sm:mb-6 md:mb-8 bg-[var(--background)]/95 backdrop-blur-xl transition-shadow duration-500 hover:shadow-2xl\"\u001b[39m\n    \u001b[36m>\u001b[39m\n      \u001b[36m<div\u001b[39m\n        \u001b[33mclass\u001b[39m=\u001b[32m\"relative mb-4\"\u001b[39m\n      \u001b[36m>\u001b[39m\n        \u001b[36m<label\u001b[39m\n          \u001b[33mclass\u001b[39m=\u001b[32m\"sr-only\"\u001b[39m\n          \u001b[33mfor\u001b[39m=\u001b[32m\"property-search\"\u001b[39m\n        \u001b[36m>\u001b[39m\n          \u001b[0mSearch properties\u001b[0m\n        \u001b[36m</label>\u001b[39m\n        \u001b[36m<svg\u001b[39m\n          \u001b[33maria-hidden\u001b[39m=\u001b[32m\"true\"\u001b[39m\n          \u001b[33mclass\u001b[39m=\u001b[32m\"lucide lucide-search absolute left-3 top-1/2 transform -translate-y-1/2 text-gray-400  h-4 w-4 sm:h-5 sm:w-5\"\u001b[39m\n          \u001b[33mfill\u001b[39m=\u001b[32m\"none\"\u001b[39m\n          \u001b[33mheight\u001b[39m=\u001b[32m\"24\"\u001b[39m\n          \u001b[33mstroke\u001b[39m=\u001b[32m\"currentColor\"\u001b[39m\n          \u001b[33mstroke-linecap\u001b[39m=\u001b[32m\"round\"\u001b[39m\n          \u001b[33mstroke-linejoin\u001b[39m=\u001b[32m\"round\"\u001b[39m\n          \u001b[33mstroke-width\u001b[39m=\u001b[32m\"2\"\u001b[39m\n          \u001b[33mviewBox\u001b[39m=\u001b[32m\"0 0 24 24\"\u001b[39m\n          \u001b[33mwidth\u001b[39m=\u001b[32m\"24\"\u001b[39m\n          \u001b[33mxmlns\u001b[39m=\u001b[32m\"http://www.w3.org/2000/svg\"\u001b[39m\n        \u001b[36m>\u001b[39m\n          \u001b[36m<path\u001b[39m\n            \u001b[33md\u001b[39m=\u001b[32m\"m21 21-4.34-4.34\"\u001b[39m\n          \u001b[36m/>\u001b[39m\n          \u001b[36m<circle\u001b[39m\n            \u001b[33mcx\u001b[39m=\u001b[32m\"11\"\u001b[39m\n            \u001b[33mcy\u001b[39m=\u001b[32m\"11\"\u001b[39m\n            \u001b[33mr\u001b[39m=\u001b[32m\"8\"\u001b[39m\n          \u001b[36m/>\u001b[39m\n        \u001b[36m</svg>\u001b[39m\n        \u001b[36m<input\u001b[39m\n          \u001b[33maria-label\u001b[39m=\u001b[32m\"Search properties by title, description, or location\"\u001b[39m\n          \u001b[33mclass\u001b[39m=\u001b[32m\"input-field pl-9 sm:pl-10\"\u001b[39m\n          \u001b[33mid\u001b[39m=\u001b[32m\"property-search\"\u001b[39m\n          \u001b[33mplaceholder\u001b[39m=\u001b[32m\"Kërkoni pasuri...\"\u001b[39m\n          \u001b[33mtype\u001b[39m=\u001b[32m\"text\"\u001b[39m\n          \u001b[33mvalue\u001b[39m=\u001b[32m\"\"\u001b[39m\n        \u001b[36m/>\u001b[39m\n      \u001b[36m</div>\u001b[39m\n      \u001b[36m<div\u001b[39m\n        \u001b[33mclass\u001b[39m=\u001b[32m\"flex flex-col sm:flex-row items-start sm:items-center justify-between gap-4 mb-4\"\u001b[39m\n      \u001b[36m>\u001b[39m\n        \u001b[36m<button\u001b[39m\n          \u001b[33maria-controls\u001b[39m=\u001b[32m\"advanced-filters\"\u001b[39m\n          \u001b[33maria-expanded\u001b[39m=\u001b[32m\"false\"\u001b[39m\n          \u001b[33maria-label\u001b[39m=\u001b[32m\"Advanced Filters\"\u001b[39m\n          \u001b[33mclass\u001b[39m=\u001b[32m\"flex items-center text-[var(--foreground)] hover:text-[var(--primary)] transition-colors focus:outline-none focus:ring-2 focus:ring-[var(--primary)] focus:ring-offset-2 rounded-md px-2 py-1\"\u001b[39m\n        \u001b[36m>\u001b[39m\n          \u001b[36m<svg\u001b[39m\n            \u001b[33maria-hidden\u001b[39m=\u001b[32m\"true\"\u001b[39m\n            \u001b[33mclass\u001b[39m=\u001b[32m\"lucide lucide-funnel h-5 w-5 mr-2\"\u001b[39m\n            \u001b[33mfill\u001b[39m=\u001b[32m\"none\"\u001b[39m\n            \u001b[33mheight\u001b[39m=\u001b[32m\"24\"\u001b[39m\n            \u001b[33mstroke\u001b[39m=\u001b[32m\"currentColor\"\u001b[39m\n            \u001b[33mstroke-linecap\u001b[39m=\u001b[32m\"round\"\u001b[39m\n            \u001b[33mstroke-linejoin\u001b[39m=\u001b[32m\"round\"\u001b[39m\n            \u001b[33mstroke-width\u001b[39m=\u001b[32m\"2\"\u001b[39m\n            \u001b[33mviewBox\u001b[39m=\u001b[32m\"0 0 24 24\"\u001b[39m\n            \u001b[33mwidth\u001b[39m=\u001b[32m\"24\"\u001b[39m\n            \u001b[33mxmlns\u001b[39m=\u001b[32m\"http://www.w3.org/2000/svg\"\u001b[39m\n          \u001b[36m>\u001b[39m\n            \u001b[36m<path\u001b[39m\n              \u001b[33md\u001b[39m=\u001b[32m\"M10 20a1 1 0 0 0 .553.895l2 1A1 1 0 0 0 14 21v-7a2 2 0 0 1 .517-1.341L21.74 4.67A1 1 0 0 0 21 3H3a1 1 0 0 0-.742 1.67l7.225 7.989A2 2 0 0 1 10 14z\"\u001b[39m\n            \u001b[36m/>\u001b[39m\n          \u001b[36m</svg>\u001b[39m\n          \u001b[36m<span\u001b[39m\n            \u001b[33mclass\u001b[39m=\u001b[32m\"font-medium\"\u001b[39m\n          \u001b[36m>\u001b[39m\n            \u001b[0mAdvanced Filters\u001b[0m\n          \u001b[36m</span>\u001b[39m\n          \u001b[36m<span\u001b[39m\n            \u001b[33maria-hidden\u001b[39m=\u001b[32m\"true\"\u001b[39m\n            \u001b[33mclass\u001b[39m=\u001b[32m\"ml-2 text-sm text-gray-500\"\u001b[39m\n          \u001b[36m>\u001b[39m\n            \u001b[0m▼\u001b[0m\n          \u001b[36m</span>\u001b[39m\n        \u001b[36m</button>\u001b[39m\n        \u001b[36m<div\u001b[39m\n          \u001b[33mclass\u001b[39m=\u001b[32m\"flex items-center gap-4\"\u001b[39m\n        \u001b[36m>\u001b[39m\n          \u001b[36m<div\u001b[39m\n            \u001b[33mclass\u001b[39m=\u001b[32m\"flex items-center gap-2\"\u001b[39m\n          \u001b[36m>\u001b[39m\n            \u001b[36m<svg\u001b[39m\n              \u001b[33maria-hidden\u001b[39m=\u001b[32m\"true\"\u001b[39m\n              \u001b[33mclass\u001b[39m=\u001b[32m\"lucide lucide-arrow-up-down h-4 w-4 text-gray-500\"\u001b[39m\n              \u001b[33mfill\u001b[39m=\u001b[32m\"none\"\u001b[39m\n              \u001b[33mheight\u001b[39m=\u001b[32m\"24\"\u001b[39m\n              \u001b[33mstroke\u001b[39m=\u001b[32m\"currentColor\"\u001b[39m\n              \u001b[33mstroke-linecap\u001b[39m=\u001b[32m\"round\"\u001b[39m\n              \u001b[33mstroke-linejoin\u001b[39m=\u001b[32m\"round\"\u001b[39m\n              \u001b[33mstroke-width\u001b[39m=\u001b[32m\"2\"\u001b[39m\n              \u001b[33mviewBox\u001b[39m=\u001b[32m\"0 0 24 24\"\u001b[39m\n              \u001b[33mwidth\u001b[39m=\u001b[32m\"24\"\u001b[39m\n              \u001b[33mxmlns\u001b[39m=\u001b[32m\"http://www.w3.org/2000/svg\"\u001b[39m\n            \u001b[36m>\u001b[39m\n              \u001b[36m<path\u001b[39m\n                \u001b[33md\u001b[39m=\u001b[32m\"m21 16-4 4-4-4\"\u001b[39m\n              \u001b[36m/>\u001b[39m\n              \u001b[36m<path\u001b[39m\n                \u001b[33md\u001b[39m=\u001b[32m\"M17 20V4\"\u001b[39m\n              \u001b[36m/>\u001b[39m\n              \u001b[36m<path\u001b[39m\n                \u001b[33md\u001b[39m=\u001b[32m\"m3 8 4-4 4 4\"\u001b[39m\n              \u001b[36m/>\u001b[39m\n              \u001b[36m<path\u001b[39m\n                \u001b[33md\u001b[39m=\u001b[32m\"M7 4v16\"\u001b[39m\n              \u001b[36m/>\u001b[39m\n            \u001b[36m</svg>\u001b[39m\n            \u001b[36m<select\u001b[39m\n              \u001b[33maria-label\u001b[39m=\u001b[32m\"Sort by\"\u001b[39m\n              \u001b[33mclass\u001b[39m=\u001b[32m\"px-3 py-1.5 text-sm border border-gray-300  rounded-md outline-none focus-visible:ring-2 focus-visible:ring-primary/50 bg-[var(--background)] text-[var(--foreground)]\"\u001b[39m\n              \u001b[33mid\u001b[39m=\u001b[32m\"sort-by\"\u001b[39m\n              \u001b[33mname\u001b[39m=\u001b[32m\"sortBy\"\u001b[39m\n            \u001b[36m>\u001b[39m\n              \u001b[36m<option\u001b[39m\n                \u001b[33mvalue\u001b[39m=\u001b[32m\"\"\u001b[39m\n              \u001b[36m>\u001b[39m\n                \u001b[0mSort by\u001b[0m\n              \u001b[36m</option>\u001b[39m\n              \u001b[36m<option\u001b[39m\n                \u001b[33mvalue\u001b[39m=\u001b[32m\"price\"\u001b[39m\n              \u001b[36m>\u001b[39m\n                \u001b[0mPrice\u001b[0m\n              \u001b[36m</option>\u001b[39m\n              \u001b[36m<option\u001b[39m\n                \u001b[33mvalue\u001b[39m=\u001b[32m\"date\"\u001b[39m\n              \u001b[36m>\u001b[39m\n                \u001b[0mDate Added\u001b[0m\n              \u001b[36m</option>\u001b[39m\n              \u001b[36m<option\u001b[39m\n                \u001b[33mvalue\u001b[39m=\u001b[32m\"size\"\u001b[39m\n              \u001b[36m>\u001b[39m\n                \u001b[0mSize\u001b[0m\n              \u001b[36m</option>\u001b[39m\n              \u001b[36m<option\u001b[39m\n                \u001b[33mvalue\u001b[39m=\u001b[32m\"location\"\u001b[39m\n              \u001b[36m>\u001b[39m\n                \u001b[0mLocations\u001b[0m\n              \u001b[36m</option>\u001b[39m\n            \u001b[36m</select>\u001b[39m\n          \u001b[36m</div>\u001b[39m\n        \u001b[36m</div>\u001b[39m\n      \u001b[36m</div>\u001b[39m\n    \u001b[36m</div>\u001b[39m\n  \u001b[36m</div>\u001b[39m\n\u001b[36m</body>\u001b[39m\n    at Object.getElementError (/Users/rediballa/real-estate-website/node_modules/@testing-library/dom/dist/config.js:37:19)\n    at /Users/rediballa/real-estate-website/node_modules/@testing-library/dom/dist/query-helpers.js:76:38\n    at /Users/rediballa/real-estate-website/node_modules/@testing-library/dom/dist/query-helpers.js:52:17\n    at /Users/rediballa/real-estate-website/node_modules/@testing-library/dom/dist/query-helpers.js:95:19\n    at Object.getByPlaceholderText (/Users/rediballa/real-estate-website/src/__tests__/performance/component-performance.test.tsx:187:33)\n    at Promise.finally.completed (/Users/rediballa/real-estate-website/node_modules/jest-circus/build/jestAdapterInit.js:1559:28)\n    at new Promise (<anonymous>)\n    at callAsyncCircusFn (/Users/rediballa/real-estate-website/node_modules/jest-circus/build/jestAdapterInit.js:1499:10)\n    at _callCircusTest (/Users/rediballa/real-estate-website/node_modules/jest-circus/build/jestAdapterInit.js:1009:40)\n    at _runTest (/Users/rediballa/real-estate-website/node_modules/jest-circus/build/jestAdapterInit.js:949:3)\n    at _runTestsForDescribeBlock (/Users/rediballa/real-estate-website/node_modules/jest-circus/build/jestAdapterInit.js:839:13)\n    at _runTestsForDescribeBlock (/Users/rediballa/real-estate-website/node_modules/jest-circus/build/jestAdapterInit.js:829:11)\n    at _runTestsForDescribeBlock (/Users/rediballa/real-estate-website/node_modules/jest-circus/build/jestAdapterInit.js:829:11)\n    at run (/Users/rediballa/real-estate-website/node_modules/jest-circus/build/jestAdapterInit.js:757:3)\n    at runAndTransformResultsToJestFormat (/Users/rediballa/real-estate-website/node_modules/jest-circus/build/jestAdapterInit.js:1920:21)\n    at jestAdapter (/Users/rediballa/real-estate-website/node_modules/jest-circus/build/runner.js:101:19)\n    at runTestInternal (/Users/rediballa/real-estate-website/node_modules/jest-runner/build/index.js:275:16)\n    at runTest (/Users/rediballa/real-estate-website/node_modules/jest-runner/build/index.js:343:7)"],"fullName":"Component Performance Tests SearchFilters Performance handles filter changes efficiently","invocations":1,"location":null,"numPassingAsserts":0,"retryReasons":[],"startAt":1772036251170,"status":"failed","title":"handles filter changes efficiently"},{"ancestorTitles":["Component Performance Tests","SearchFilters Performance"],"duration":8,"failing":false,"failureDetails":[{"name":"TestingLibraryElementError"}],"failureMessages":["TestingLibraryElementError: Unable to find an element with the placeholder text of: /Nga \\(/i\n\nIgnored nodes: comments, script, style\n\u001b[36m<body>\u001b[39m\n  \u001b[36m<div>\u001b[39m\n    \u001b[36m<div\u001b[39m\n      \u001b[33mclass\u001b[39m=\u001b[32m\"card p-5 sm:p-6 md:p-8 mb-4 sm:mb-6 md:mb-8 bg-[var(--background)]/95 backdrop-blur-xl transition-shadow duration-500 hover:shadow-2xl\"\u001b[39m\n    \u001b[36m>\u001b[39m\n      \u001b[36m<div\u001b[39m\n        \u001b[33mclass\u001b[39m=\u001b[32m\"relative mb-4\"\u001b[39m\n      \u001b[36m>\u001b[39m\n        \u001b[36m<label\u001b[39m\n          \u001b[33mclass\u001b[39m=\u001b[32m\"sr-only\"\u001b[39m\n          \u001b[33mfor\u001b[39m=\u001b[32m\"property-search\"\u001b[39m\n        \u001b[36m>\u001b[39m\n          \u001b[0mSearch properties\u001b[0m\n        \u001b[36m</label>\u001b[39m\n        \u001b[36m<svg\u001b[39m\n          \u001b[33maria-hidden\u001b[39m=\u001b[32m\"true\"\u001b[39m\n          \u001b[33mclass\u001b[39m=\u001b[32m\"lucide lucide-search absolute left-3 top-1/2 transform -translate-y-1/2 text-gray-400  h-4 w-4 sm:h-5 sm:w-5\"\u001b[39m\n          \u001b[33mfill\u001b[39m=\u001b[32m\"none\"\u001b[39m\n          \u001b[33mheight\u001b[39m=\u001b[32m\"24\"\u001b[39m\n          \u001b[33mstroke\u001b[39m=\u001b[32m\"currentColor\"\u001b[39m\n          \u001b[33mstroke-linecap\u001b[39m=\u001b[32m\"round\"\u001b[39m\n          \u001b[33mstroke-linejoin\u001b[39m=\u001b[32m\"round\"\u001b[39m\n          \u001b[33mstroke-width\u001b[39m=\u001b[32m\"2\"\u001b[39m\n          \u001b[33mviewBox\u001b[39m=\u001b[32m\"0 0 24 24\"\u001b[39m\n          \u001b[33mwidth\u001b[39m=\u001b[32m\"24\"\u001b[39m\n          \u001b[33mxmlns\u001b[39m=\u001b[32m\"http://www.w3.org/2000/svg\"\u001b[39m\n        \u001b[36m>\u001b[39m\n          \u001b[36m<path\u001b[39m\n            \u001b[33md\u001b[39m=\u001b[32m\"m21 21-4.34-4.34\"\u001b[39m\n          \u001b[36m/>\u001b[39m\n          \u001b[36m<circle\u001b[39m\n            \u001b[33mcx\u001b[39m=\u001b[32m\"11\"\u001b[39m\n            \u001b[33mcy\u001b[39m=\u001b[32m\"11\"\u001b[39m\n            \u001b[33mr\u001b[39m=\u001b[32m\"8\"\u001b[39m\n          \u001b[36m/>\u001b[39m\n        \u001b[36m</svg>\u001b[39m\n        \u001b[36m<input\u001b[39m\n          \u001b[33maria-label\u001b[39m=\u001b[32m\"Search properties by title, description, or location\"\u001b[39m\n          \u001b[33mclass\u001b[39m=\u001b[32m\"input-field pl-9 sm:pl-10\"\u001b[39m\n          \u001b[33mid\u001b[39m=\u001b[32m\"property-search\"\u001b[39m\n          \u001b[33mplaceholder\u001b[39m=\u001b[32m\"Kërkoni pasuri...\"\u001b[39m\n          \u001b[33mtype\u001b[39m=\u001b[32m\"text\"\u001b[39m\n          \u001b[33mvalue\u001b[39m=\u001b[32m\"\"\u001b[39m\n        \u001b[36m/>\u001b[39m\n      \u001b[36m</div>\u001b[39m\n      \u001b[36m<div\u001b[39m\n        \u001b[33mclass\u001b[39m=\u001b[32m\"flex flex-col sm:flex-row items-start sm:items-center justify-between gap-4 mb-4\"\u001b[39m\n      \u001b[36m>\u001b[39m\n        \u001b[36m<button\u001b[39m\n          \u001b[33maria-controls\u001b[39m=\u001b[32m\"advanced-filters\"\u001b[39m\n          \u001b[33maria-expanded\u001b[39m=\u001b[32m\"false\"\u001b[39m\n          \u001b[33maria-label\u001b[39m=\u001b[32m\"Advanced Filters\"\u001b[39m\n          \u001b[33mclass\u001b[39m=\u001b[32m\"flex items-center text-[var(--foreground)] hover:text-[var(--primary)] transition-colors focus:outline-none focus:ring-2 focus:ring-[var(--primary)] focus:ring-offset-2 rounded-md px-2 py-1\"\u001b[39m\n        \u001b[36m>\u001b[39m\n          \u001b[36m<svg\u001b[39m\n            \u001b[33maria-hidden\u001b[39m=\u001b[32m\"true\"\u001b[39m\n            \u001b[33mclass\u001b[39m=\u001b[32m\"lucide lucide-funnel h-5 w-5 mr-2\"\u001b[39m\n            \u001b[33mfill\u001b[39m=\u001b[32m\"none\"\u001b[39m\n            \u001b[33mheight\u001b[39m=\u001b[32m\"24\"\u001b[39m\n            \u001b[33mstroke\u001b[39m=\u001b[32m\"currentColor\"\u001b[39m\n            \u001b[33mstroke-linecap\u001b[39m=\u001b[32m\"round\"\u001b[39m\n            \u001b[33mstroke-linejoin\u001b[39m=\u001b[32m\"round\"\u001b[39m\n            \u001b[33mstroke-width\u001b[39m=\u001b[32m\"2\"\u001b[39m\n            \u001b[33mviewBox\u001b[39m=\u001b[32m\"0 0 24 24\"\u001b[39m\n            \u001b[33mwidth\u001b[39m=\u001b[32m\"24\"\u001b[39m\n            \u001b[33mxmlns\u001b[39m=\u001b[32m\"http://www.w3.org/2000/svg\"\u001b[39m\n          \u001b[36m>\u001b[39m\n            \u001b[36m<path\u001b[39m\n              \u001b[33md\u001b[39m=\u001b[32m\"M10 20a1 1 0 0 0 .553.895l2 1A1 1 0 0 0 14 21v-7a2 2 0 0 1 .517-1.341L21.74 4.67A1 1 0 0 0 21 3H3a1 1 0 0 0-.742 1.67l7.225 7.989A2 2 0 0 1 10 14z\"\u001b[39m\n            \u001b[36m/>\u001b[39m\n          \u001b[36m</svg>\u001b[39m\n          \u001b[36m<span\u001b[39m\n            \u001b[33mclass\u001b[39m=\u001b[32m\"font-medium\"\u001b[39m\n          \u001b[36m>\u001b[39m\n            \u001b[0mAdvanced Filters\u001b[0m\n          \u001b[36m</span>\u001b[39m\n          \u001b[36m<span\u001b[39m\n            \u001b[33maria-hidden\u001b[39m=\u001b[32m\"true\"\u001b[39m\n            \u001b[33mclass\u001b[39m=\u001b[32m\"ml-2 text-sm text-gray-500\"\u001b[39m\n          \u001b[36m>\u001b[39m\n            \u001b[0m▼\u001b[0m\n          \u001b[36m</span>\u001b[39m\n        \u001b[36m</button>\u001b[39m\n        \u001b[36m<div\u001b[39m\n          \u001b[33mclass\u001b[39m=\u001b[32m\"flex items-center gap-4\"\u001b[39m\n        \u001b[36m>\u001b[39m\n          \u001b[36m<div\u001b[39m\n            \u001b[33mclass\u001b[39m=\u001b[32m\"flex items-center gap-2\"\u001b[39m\n          \u001b[36m>\u001b[39m\n            \u001b[36m<svg\u001b[39m\n              \u001b[33maria-hidden\u001b[39m=\u001b[32m\"true\"\u001b[39m\n              \u001b[33mclass\u001b[39m=\u001b[32m\"lucide lucide-arrow-up-down h-4 w-4 text-gray-500\"\u001b[39m\n              \u001b[33mfill\u001b[39m=\u001b[32m\"none\"\u001b[39m\n              \u001b[33mheight\u001b[39m=\u001b[32m\"24\"\u001b[39m\n              \u001b[33mstroke\u001b[39m=\u001b[32m\"currentColor\"\u001b[39m\n              \u001b[33mstroke-linecap\u001b[39m=\u001b[32m\"round\"\u001b[39m\n              \u001b[33mstroke-linejoin\u001b[39m=\u001b[32m\"round\"\u001b[39m\n              \u001b[33mstroke-width\u001b[39m=\u001b[32m\"2\"\u001b[39m\n              \u001b[33mviewBox\u001b[39m=\u001b[32m\"0 0 24 24\"\u001b[39m\n              \u001b[33mwidth\u001b[39m=\u001b[32m\"24\"\u001b[39m\n              \u001b[33mxmlns\u001b[39m=\u001b[32m\"http://www.w3.org/2000/svg\"\u001b[39m\n            \u001b[36m>\u001b[39m\n              \u001b[36m<path\u001b[39m\n                \u001b[33md\u001b[39m=\u001b[32m\"m21 16-4 4-4-4\"\u001b[39m\n              \u001b[36m/>\u001b[39m\n              \u001b[36m<path\u001b[39m\n                \u001b[33md\u001b[39m=\u001b[32m\"M17 20V4\"\u001b[39m\n              \u001b[36m/>\u001b[39m\n              \u001b[36m<path\u001b[39m\n                \u001b[33md\u001b[39m=\u001b[32m\"m3 8 4-4 4 4\"\u001b[39m\n              \u001b[36m/>\u001b[39m\n              \u001b[36m<path\u001b[39m\n                \u001b[33md\u001b[39m=\u001b[32m\"M7 4v16\"\u001b[39m\n              \u001b[36m/>\u001b[39m\n            \u001b[36m</svg>\u001b[39m\n            \u001b[36m<select\u001b[39m\n              \u001b[33maria-label\u001b[39m=\u001b[32m\"Sort by\"\u001b[39m\n              \u001b[33mclass\u001b[39m=\u001b[32m\"px-3 py-1.5 text-sm border border-gray-300  rounded-md outline-none focus-visible:ring-2 focus-visible:ring-primary/50 bg-[var(--background)] text-[var(--foreground)]\"\u001b[39m\n              \u001b[33mid\u001b[39m=\u001b[32m\"sort-by\"\u001b[39m\n              \u001b[33mname\u001b[39m=\u001b[32m\"sortBy\"\u001b[39m\n            \u001b[36m>\u001b[39m\n              \u001b[36m<option\u001b[39m\n                \u001b[33mvalue\u001b[39m=\u001b[32m\"\"\u001b[39m\n              \u001b[36m>\u001b[39m\n                \u001b[0mSort by\u001b[0m\n              \u001b[36m</option>\u001b[39m\n              \u001b[36m<option\u001b[39m\n                \u001b[33mvalue\u001b[39m=\u001b[32m\"price\"\u001b[39m\n              \u001b[36m>\u001b[39m\n                \u001b[0mPrice\u001b[0m\n              \u001b[36m</option>\u001b[39m\n              \u001b[36m<option\u001b[39m\n                \u001b[33mvalue\u001b[39m=\u001b[32m\"date\"\u001b[39m\n              \u001b[36m>\u001b[39m\n                \u001b[0mDate Added\u001b[0m\n              \u001b[36m</option>\u001b[39m\n              \u001b[36m<option\u001b[39m\n                \u001b[33mvalue\u001b[39m=\u001b[32m\"size\"\u001b[39m\n              \u001b[36m>\u001b[39m\n                \u001b[0mSize\u001b[0m\n              \u001b[36m</option>\u001b[39m\n              \u001b[36m<option\u001b[39m\n                \u001b[33mvalue\u001b[39m=\u001b[32m\"location\"\u001b[39m\n              \u001b[36m>\u001b[39m\n                \u001b[0mLocations\u001b[0m\n              \u001b[36m</option>\u001b[39m\n            \u001b[36m</select>\u001b[39m\n          \u001b[36m</div>\u001b[39m\n        \u001b[36m</div>\u001b[39m\n      \u001b[36m</div>\u001b[39m\n    \u001b[36m</div>\u001b[39m\n  \u001b[36m</div>\u001b[39m\n\u001b[36m</body>\u001b[39m\n    at Object.getElementError (/Users/rediballa/real-estate-website/node_modules/@testing-library/dom/dist/config.js:37:19)\n    at /Users/rediballa/real-estate-website/node_modules/@testing-library/dom/dist/query-helpers.js:76:38\n    at /Users/rediballa/real-estate-website/node_modules/@testing-library/dom/dist/query-helpers.js:52:17\n    at /Users/rediballa/real-estate-website/node_modules/@testing-library/dom/dist/query-helpers.js:95:19\n    at Object.getByPlaceholderText (/Users/rediballa/real-estate-website/src/__tests__/performance/component-performance.test.tsx:201:33)\n    at Promise.finally.completed (/Users/rediballa/real-estate-website/node_modules/jest-circus/build/jestAdapterInit.js:1559:28)\n    at new Promise (<anonymous>)\n    at callAsyncCircusFn (/Users/rediballa/real-estate-website/node_modules/jest-circus/build/jestAdapterInit.js:1499:10)\n    at _callCircusTest (/Users/rediballa/real-estate-website/node_modules/jest-circus/build/jestAdapterInit.js:1009:40)\n    at _runTest (/Users/rediballa/real-estate-website/node_modules/jest-circus/build/jestAdapterInit.js:949:3)\n    at _runTestsForDescribeBlock (/Users/rediballa/real-estate-website/node_modules/jest-circus/build/jestAdapterInit.js:839:13)\n    at _runTestsForDescribeBlock (/Users/rediballa/real-estate-website/node_modules/jest-circus/build/jestAdapterInit.js:829:11)\n    at _runTestsForDescribeBlock (/Users/rediballa/real-estate-website/node_modules/jest-circus/build/jestAdapterInit.js:829:11)\n    at run (/Users/rediballa/real-estate-website/node_modules/jest-circus/build/jestAdapterInit.js:757:3)\n    at runAndTransformResultsToJestFormat (/Users/rediballa/real-estate-website/node_modules/jest-circus/build/jestAdapterInit.js:1920:21)\n    at jestAdapter (/Users/rediballa/real-estate-website/node_modules/jest-circus/build/runner.js:101:19)\n    at runTestInternal (/Users/rediballa/real-estate-website/node_modules/jest-runner/build/index.js:275:16)\n    at runTest (/Users/rediballa/real-estate-website/node_modules/jest-runner/build/index.js:343:7)"],"fullName":"Component Performance Tests SearchFilters Performance debounces rapid filter changes","invocations":1,"location":null,"numPassingAsserts":0,"retryReasons":[],"startAt":1772036251188,"status":"failed","title":"debounces rapid filter changes"},{"ancestorTitles":["Component Performance Tests","MapView Performance"],"duration":17,"failing":false,"failureDetails":[],"failureMessages":[],"fullName":"Component Performance Tests MapView Performance renders map with few markers efficiently","invocations":1,"location":null,"numPassingAsserts":1,"retryReasons":[],"startAt":1772036251197,"status":"passed","title":"renders map with few markers efficiently"},{"ancestorTitles":["Component Performance Tests","MapView Performance"],"duration":17,"failing":false,"failureDetails":[],"failureMessages":[],"fullName":"Component Performance Tests MapView Performance handles many markers with clustering","invocations":1,"location":null,"numPassingAsserts":1,"retryReasons":[],"startAt":1772036251214,"status":"passed","title":"handles many markers with clustering"},{"ancestorTitles":["Component Performance Tests","MapView Performance"],"duration":19,"failing":false,"failureDetails":[],"failureMessages":[],"fullName":"Component Performance Tests MapView Performance updates markers efficiently when properties change","invocations":1,"location":null,"numPassingAsserts":1,"retryReasons":[],"startAt":1772036251232,"status":"passed","title":"updates markers efficiently when properties change"},{"ancestorTitles":["Component Performance Tests","Memory Usage Tests"],"duration":503,"failing":false,"failureDetails":[],"failureMessages":[],"fullName":"Component Performance Tests Memory Usage Tests does not create memory leaks with frequent re-renders","invocations":1,"location":null,"numPassingAsserts":1,"retryReasons":[],"startAt":1772036251252,"status":"passed","title":"does not create memory leaks with frequent re-renders"},{"ancestorTitles":["Component Performance Tests","Bundle Size Impact"],"duration":1,"failing":false,"failureDetails":[],"failureMessages":[],"fullName":"Component Performance Tests Bundle Size Impact components should have minimal bundle impact","invocations":1,"location":null,"numPassingAsserts":3,"retryReasons":[],"startAt":1772036251755,"status":"passed","title":"components should have minimal bundle impact"},{"ancestorTitles":["Component Performance Tests","Accessibility Performance"],"duration":52,"failing":false,"failureDetails":[],"failureMessages":[],"fullName":"Component Performance Tests Accessibility Performance maintains performance with screen reader support","invocations":1,"location":null,"numPassingAsserts":1,"retryReasons":[],"startAt":1772036251756,"status":"passed","title":"maintains performance with screen reader support"},{"ancestorTitles":["Component Performance Tests","Accessibility Performance"],"duration":57,"failing":false,"failureDetails":[],"failureMessages":[],"fullName":"Component Performance Tests Accessibility Performance keyboard navigation performs well","invocations":1,"location":null,"numPassingAsserts":1,"retryReasons":[],"startAt":1772036251808,"status":"passed","title":"keyboard navigation performs well"}],"endTime":1772036251885,"message":"  ● Component Performance Tests › PropertyGrid Performance › renders small property list efficiently\n\n    expect(received).toBeLessThan(expected)\n\n    Expected: < 100\n    Received:   100\n\n      132 |\n      133 |       // Should render quickly for small lists\n    > 134 |       expect(duration).toBeLessThan(100);\n          |                        ^\n      135 |     });\n      136 |\n      137 |     it('renders medium property list within acceptable time', async () => {\n\n      at Object.toBeLessThan (src/__tests__/performance/component-performance.test.tsx:134:24)\n\n  ● Component Performance Tests › PropertyGrid Performance › handles large property list with virtualization\n\n    expect(received).toBeLessThan(expected)\n\n    Expected: < 500\n    Received:   590\n\n      154 |\n      155 |       // Should handle large lists with virtualization\n    > 156 |       expect(duration).toBeLessThan(500);\n          |                        ^\n      157 |     });\n      158 |\n      159 |     it('updates efficiently when properties change', async () => {\n\n      at Object.toBeLessThan (src/__tests__/performance/component-performance.test.tsx:156:24)\n\n  ● Component Performance Tests › PropertyGrid Performance › updates efficiently when properties change\n\n    expect(received).toBeLessThan(expected)\n\n    Expected: < 50\n    Received:   85\n\n      168 |\n      169 |       // Updates should be fast\n    > 170 |       expect(duration).toBeLessThan(50);\n          |                        ^\n      171 |     });\n      172 |   });\n      173 |\n\n      at Object.toBeLessThan (src/__tests__/performance/component-performance.test.tsx:170:24)\n\n  ● Component Performance Tests › SearchFilters Performance › handles filter changes efficiently\n\n    TestingLibraryElementError: Unable to find an element with the placeholder text of: /Nga \\(/i\n\n    Ignored nodes: comments, script, style\n    \u001b[36m<body>\u001b[39m\n      \u001b[36m<div>\u001b[39m\n        \u001b[36m<div\u001b[39m\n          \u001b[33mclass\u001b[39m=\u001b[32m\"card p-5 sm:p-6 md:p-8 mb-4 sm:mb-6 md:mb-8 bg-[var(--background)]/95 backdrop-blur-xl transition-shadow duration-500 hover:shadow-2xl\"\u001b[39m\n        \u001b[36m>\u001b[39m\n          \u001b[36m<div\u001b[39m\n            \u001b[33mclass\u001b[39m=\u001b[32m\"relative mb-4\"\u001b[39m\n          \u001b[36m>\u001b[39m\n            \u001b[36m<label\u001b[39m\n              \u001b[33mclass\u001b[39m=\u001b[32m\"sr-only\"\u001b[39m\n              \u001b[33mfor\u001b[39m=\u001b[32m\"property-search\"\u001b[39m\n            \u001b[36m>\u001b[39m\n              \u001b[0mSearch properties\u001b[0m\n            \u001b[36m</label>\u001b[39m\n            \u001b[36m<svg\u001b[39m\n              \u001b[33maria-hidden\u001b[39m=\u001b[32m\"true\"\u001b[39m\n              \u001b[33mclass\u001b[39m=\u001b[32m\"lucide lucide-search absolute left-3 top-1/2 transform -translate-y-1/2 text-gray-400  h-4 w-4 sm:h-5 sm:w-5\"\u001b[39m\n              \u001b[33mfill\u001b[39m=\u001b[32m\"none\"\u001b[39m\n              \u001b[33mheight\u001b[39m=\u001b[32m\"24\"\u001b[39m\n              \u001b[33mstroke\u001b[39m=\u001b[32m\"currentColor\"\u001b[39m\n              \u001b[33mstroke-linecap\u001b[39m=\u001b[32m\"round\"\u001b[39m\n              \u001b[33mstroke-linejoin\u001b[39m=\u001b[32m\"round\"\u001b[39m\n              \u001b[33mstroke-width\u001b[39m=\u001b[32m\"2\"\u001b[39m\n              \u001b[33mviewBox\u001b[39m=\u001b[32m\"0 0 24 24\"\u001b[39m\n              \u001b[33mwidth\u001b[39m=\u001b[32m\"24\"\u001b[39m\n              \u001b[33mxmlns\u001b[39m=\u001b[32m\"http://www.w3.org/2000/svg\"\u001b[39m\n            \u001b[36m>\u001b[39m\n              \u001b[36m<path\u001b[39m\n                \u001b[33md\u001b[39m=\u001b[32m\"m21 21-4.34-4.34\"\u001b[39m\n              \u001b[36m/>\u001b[39m\n              \u001b[36m<circle\u001b[39m\n                \u001b[33mcx\u001b[39m=\u001b[32m\"11\"\u001b[39m\n                \u001b[33mcy\u001b[39m=\u001b[32m\"11\"\u001b[39m\n                \u001b[33mr\u001b[39m=\u001b[32m\"8\"\u001b[39m\n              \u001b[36m/>\u001b[39m\n            \u001b[36m</svg>\u001b[39m\n            \u001b[36m<input\u001b[39m\n              \u001b[33maria-label\u001b[39m=\u001b[32m\"Search properties by title, description, or location\"\u001b[39m\n              \u001b[33mclass\u001b[39m=\u001b[32m\"input-field pl-9 sm:pl-10\"\u001b[39m\n              \u001b[33mid\u001b[39m=\u001b[32m\"property-search\"\u001b[39m\n              \u001b[33mplaceholder\u001b[39m=\u001b[32m\"Kërkoni pasuri...\"\u001b[39m\n              \u001b[33mtype\u001b[39m=\u001b[32m\"text\"\u001b[39m\n              \u001b[33mvalue\u001b[39m=\u001b[32m\"\"\u001b[39m\n            \u001b[36m/>\u001b[39m\n          \u001b[36m</div>\u001b[39m\n          \u001b[36m<div\u001b[39m\n            \u001b[33mclass\u001b[39m=\u001b[32m\"flex flex-col sm:flex-row items-start sm:items-center justify-between gap-4 mb-4\"\u001b[39m\n          \u001b[36m>\u001b[39m\n            \u001b[36m<button\u001b[39m\n              \u001b[33maria-controls\u001b[39m=\u001b[32m\"advanced-filters\"\u001b[39m\n              \u001b[33maria-expanded\u001b[39m=\u001b[32m\"false\"\u001b[39m\n              \u001b[33maria-label\u001b[39m=\u001b[32m\"Advanced Filters\"\u001b[39m\n              \u001b[33mclass\u001b[39m=\u001b[32m\"flex items-center text-[var(--foreground)] hover:text-[var(--primary)] transition-colors focus:outline-none focus:ring-2 focus:ring-[var(--primary)] focus:ring-offset-2 rounded-md px-2 py-1\"\u001b[39m\n            \u001b[36m>\u001b[39m\n              \u001b[36m<svg\u001b[39m\n                \u001b[33maria-hidden\u001b[39m=\u001b[32m\"true\"\u001b[39m\n                \u001b[33mclass\u001b[39m=\u001b[32m\"lucide lucide-funnel h-5 w-5 mr-2\"\u001b[39m\n                \u001b[33mfill\u001b[39m=\u001b[32m\"none\"\u001b[39m\n                \u001b[33mheight\u001b[39m=\u001b[32m\"24\"\u001b[39m\n                \u001b[33mstroke\u001b[39m=\u001b[32m\"currentColor\"\u001b[39m\n                \u001b[33mstroke-linecap\u001b[39m=\u001b[32m\"round\"\u001b[39m\n                \u001b[33mstroke-linejoin\u001b[39m=\u001b[32m\"round\"\u001b[39m\n                \u001b[33mstroke-width\u001b[39m=\u001b[32m\"2\"\u001b[39m\n                \u001b[33mviewBox\u001b[39m=\u001b[32m\"0 0 24 24\"\u001b[39m\n                \u001b[33mwidth\u001b[39m=\u001b[32m\"24\"\u001b[39m\n                \u001b[33mxmlns\u001b[39m=\u001b[32m\"http://www.w3.org/2000/svg\"\u001b[39m\n              \u001b[36m>\u001b[39m\n                \u001b[36m<path\u001b[39m\n                  \u001b[33md\u001b[39m=\u001b[32m\"M10 20a1 1 0 0 0 .553.895l2 1A1 1 0 0 0 14 21v-7a2 2 0 0 1 .517-1.341L21.74 4.67A1 1 0 0 0 21 3H3a1 1 0 0 0-.742 1.67l7.225 7.989A2 2 0 0 1 10 14z\"\u001b[39m\n                \u001b[36m/>\u001b[39m\n              \u001b[36m</svg>\u001b[39m\n              \u001b[36m<span\u001b[39m\n                \u001b[33mclass\u001b[39m=\u001b[32m\"font-medium\"\u001b[39m\n              \u001b[36m>\u001b[39m\n                \u001b[0mAdvanced Filters\u001b[0m\n              \u001b[36m</span>\u001b[39m\n              \u001b[36m<span\u001b[39m\n                \u001b[33maria-hidden\u001b[39m=\u001b[32m\"true\"\u001b[39m\n                \u001b[33mclass\u001b[39m=\u001b[32m\"ml-2 text-sm text-gray-500\"\u001b[39m\n              \u001b[36m>\u001b[39m\n                \u001b[0m▼\u001b[0m\n              \u001b[36m</span>\u001b[39m\n            \u001b[36m</button>\u001b[39m\n            \u001b[36m<div\u001b[39m\n              \u001b[33mclass\u001b[39m=\u001b[32m\"flex items-center gap-4\"\u001b[39m\n            \u001b[36m>\u001b[39m\n              \u001b[36m<div\u001b[39m\n                \u001b[33mclass\u001b[39m=\u001b[32m\"flex items-center gap-2\"\u001b[39m\n              \u001b[36m>\u001b[39m\n                \u001b[36m<svg\u001b[39m\n                  \u001b[33maria-hidden\u001b[39m=\u001b[32m\"true\"\u001b[39m\n                  \u001b[33mclass\u001b[39m=\u001b[32m\"lucide lucide-arrow-up-down h-4 w-4 text-gray-500\"\u001b[39m\n                  \u001b[33mfill\u001b[39m=\u001b[32m\"none\"\u001b[39m\n                  \u001b[33mheight\u001b[39m=\u001b[32m\"24\"\u001b[39m\n                  \u001b[33mstroke\u001b[39m=\u001b[32m\"currentColor\"\u001b[39m\n                  \u001b[33mstroke-linecap\u001b[39m=\u001b[32m\"round\"\u001b[39m\n                  \u001b[33mstroke-linejoin\u001b[39m=\u001b[32m\"round\"\u001b[39m\n                  \u001b[33mstroke-width\u001b[39m=\u001b[32m\"2\"\u001b[39m\n                  \u001b[33mviewBox\u001b[39m=\u001b[32m\"0 0 24 24\"\u001b[39m\n                  \u001b[33mwidth\u001b[39m=\u001b[32m\"24\"\u001b[39m\n                  \u001b[33mxmlns\u001b[39m=\u001b[32m\"http://www.w3.org/2000/svg\"\u001b[39m\n                \u001b[36m>\u001b[39m\n                  \u001b[36m<path\u001b[39m\n                    \u001b[33md\u001b[39m=\u001b[32m\"m21 16-4 4-4-4\"\u001b[39m\n                  \u001b[36m/>\u001b[39m\n                  \u001b[36m<path\u001b[39m\n                    \u001b[33md\u001b[39m=\u001b[32m\"M17 20V4\"\u001b[39m\n                  \u001b[36m/>\u001b[39m\n                  \u001b[36m<path\u001b[39m\n                    \u001b[33md\u001b[39m=\u001b[32m\"m3 8 4-4 4 4\"\u001b[39m\n                  \u001b[36m/>\u001b[39m\n                  \u001b[36m<path\u001b[39m\n                    \u001b[33md\u001b[39m=\u001b[32m\"M7 4v16\"\u001b[39m\n                  \u001b[36m/>\u001b[39m\n                \u001b[36m</svg>\u001b[39m\n                \u001b[36m<select\u001b[39m\n                  \u001b[33maria-label\u001b[39m=\u001b[32m\"Sort by\"\u001b[39m\n                  \u001b[33mclass\u001b[39m=\u001b[32m\"px-3 py-1.5 text-sm border border-gray-300  rounded-md outline-none focus-visible:ring-2 focus-visible:ring-primary/50 bg-[var(--background)] text-[var(--foreground)]\"\u001b[39m\n                  \u001b[33mid\u001b[39m=\u001b[32m\"sort-by\"\u001b[39m\n                  \u001b[33mname\u001b[39m=\u001b[32m\"sortBy\"\u001b[39m\n                \u001b[36m>\u001b[39m\n                  \u001b[36m<option\u001b[39m\n                    \u001b[33mvalue\u001b[39m=\u001b[32m\"\"\u001b[39m\n                  \u001b[36m>\u001b[39m\n                    \u001b[0mSort by\u001b[0m\n                  \u001b[36m</option>\u001b[39m\n                  \u001b[36m<option\u001b[39m\n                    \u001b[33mvalue\u001b[39m=\u001b[32m\"price\"\u001b[39m\n                  \u001b[36m>\u001b[39m\n                    \u001b[0mPrice\u001b[0m\n                  \u001b[36m</option>\u001b[39m\n                  \u001b[36m<option\u001b[39m\n                    \u001b[33mvalue\u001b[39m=\u001b[32m\"date\"\u001b[39m\n                  \u001b[36m>\u001b[39m\n                    \u001b[0mDate Added\u001b[0m\n                  \u001b[36m</option>\u001b[39m\n                  \u001b[36m<option\u001b[39m\n                    \u001b[33mvalue\u001b[39m=\u001b[32m\"size\"\u001b[39m\n                  \u001b[36m>\u001b[39m\n                    \u001b[0mSize\u001b[0m\n                  \u001b[36m</option>\u001b[39m\n                  \u001b[36m<option\u001b[39m\n                    \u001b[33mvalue\u001b[39m=\u001b[32m\"location\"\u001b[39m\n                  \u001b[36m>\u001b[39m\n                    \u001b[0mLocations\u001b[0m\n                  \u001b[36m</option>\u001b[39m\n                \u001b[36m</select>\u001b[39m\n              \u001b[36m</div>\u001b[39m\n            \u001b[36m</div>\u001b[39m\n          \u001b[36m</div>\u001b[39m\n        \u001b[36m</div>\u001b[39m\n      \u001b[36m</div>\u001b[39m\n    \u001b[36m</body>\u001b[39m\n\n      185 |       render(<SearchFilters properties={[]} onFilteredResults={mockOnFiltersChange} />);\n      186 |\n    > 187 |       const priceInput = screen.getByPlaceholderText(/Nga \\(/i);\n          |                                 ^\n      188 |\n      189 |       const duration = await measurePerformance('search-filters-change', () => {\n      190 |         fireEvent.change(priceInput, { target: { value: '500000' } });\n\n      at Object.getElementError (node_modules/@testing-library/dom/dist/config.js:37:19)\n      at node_modules/@testing-library/dom/dist/query-helpers.js:76:38\n      at node_modules/@testing-library/dom/dist/query-helpers.js:52:17\n      at node_modules/@testing-library/dom/dist/query-helpers.js:95:19\n      at Object.getByPlaceholderText (src/__tests__/performance/component-performance.test.tsx:187:33)\n\n  ● Component Performance Tests › SearchFilters Performance › debounces rapid filter changes\n\n    TestingLibraryElementError: Unable to find an element with the placeholder text of: /Nga \\(/i\n\n    Ignored nodes: comments, script, style\n    \u001b[36m<body>\u001b[39m\n      \u001b[36m<div>\u001b[39m\n        \u001b[36m<div\u001b[39m\n          \u001b[33mclass\u001b[39m=\u001b[32m\"card p-5 sm:p-6 md:p-8 mb-4 sm:mb-6 md:mb-8 bg-[var(--background)]/95 backdrop-blur-xl transition-shadow duration-500 hover:shadow-2xl\"\u001b[39m\n        \u001b[36m>\u001b[39m\n          \u001b[36m<div\u001b[39m\n            \u001b[33mclass\u001b[39m=\u001b[32m\"relative mb-4\"\u001b[39m\n          \u001b[36m>\u001b[39m\n            \u001b[36m<label\u001b[39m\n              \u001b[33mclass\u001b[39m=\u001b[32m\"sr-only\"\u001b[39m\n              \u001b[33mfor\u001b[39m=\u001b[32m\"property-search\"\u001b[39m\n            \u001b[36m>\u001b[39m\n              \u001b[0mSearch properties\u001b[0m\n            \u001b[36m</label>\u001b[39m\n            \u001b[36m<svg\u001b[39m\n              \u001b[33maria-hidden\u001b[39m=\u001b[32m\"true\"\u001b[39m\n              \u001b[33mclass\u001b[39m=\u001b[32m\"lucide lucide-search absolute left-3 top-1/2 transform -translate-y-1/2 text-gray-400  h-4 w-4 sm:h-5 sm:w-5\"\u001b[39m\n              \u001b[33mfill\u001b[39m=\u001b[32m\"none\"\u001b[39m\n              \u001b[33mheight\u001b[39m=\u001b[32m\"24\"\u001b[39m\n              \u001b[33mstroke\u001b[39m=\u001b[32m\"currentColor\"\u001b[39m\n              \u001b[33mstroke-linecap\u001b[39m=\u001b[32m\"round\"\u001b[39m\n              \u001b[33mstroke-linejoin\u001b[39m=\u001b[32m\"round\"\u001b[39m\n              \u001b[33mstroke-width\u001b[39m=\u001b[32m\"2\"\u001b[39m\n              \u001b[33mviewBox\u001b[39m=\u001b[32m\"0 0 24 24\"\u001b[39m\n              \u001b[33mwidth\u001b[39m=\u001b[32m\"24\"\u001b[39m\n              \u001b[33mxmlns\u001b[39m=\u001b[32m\"http://www.w3.org/2000/svg\"\u001b[39m\n            \u001b[36m>\u001b[39m\n              \u001b[36m<path\u001b[39m\n                \u001b[33md\u001b[39m=\u001b[32m\"m21 21-4.34-4.34\"\u001b[39m\n              \u001b[36m/>\u001b[39m\n              \u001b[36m<circle\u001b[39m\n                \u001b[33mcx\u001b[39m=\u001b[32m\"11\"\u001b[39m\n                \u001b[33mcy\u001b[39m=\u001b[32m\"11\"\u001b[39m\n                \u001b[33mr\u001b[39m=\u001b[32m\"8\"\u001b[39m\n              \u001b[36m/>\u001b[39m\n            \u001b[36m</svg>\u001b[39m\n            \u001b[36m<input\u001b[39m\n              \u001b[33maria-label\u001b[39m=\u001b[32m\"Search properties by title, description, or location\"\u001b[39m\n              \u001b[33mclass\u001b[39m=\u001b[32m\"input-field pl-9 sm:pl-10\"\u001b[39m\n              \u001b[33mid\u001b[39m=\u001b[32m\"property-search\"\u001b[39m\n              \u001b[33mplaceholder\u001b[39m=\u001b[32m\"Kërkoni pasuri...\"\u001b[39m\n              \u001b[33mtype\u001b[39m=\u001b[32m\"text\"\u001b[39m\n              \u001b[33mvalue\u001b[39m=\u001b[32m\"\"\u001b[39m\n            \u001b[36m/>\u001b[39m\n          \u001b[36m</div>\u001b[39m\n          \u001b[36m<div\u001b[39m\n            \u001b[33mclass\u001b[39m=\u001b[32m\"flex flex-col sm:flex-row items-start sm:items-center justify-between gap-4 mb-4\"\u001b[39m\n          \u001b[36m>\u001b[39m\n            \u001b[36m<button\u001b[39m\n              \u001b[33maria-controls\u001b[39m=\u001b[32m\"advanced-filters\"\u001b[39m\n              \u001b[33maria-expanded\u001b[39m=\u001b[32m\"false\"\u001b[39m\n              \u001b[33maria-label\u001b[39m=\u001b[32m\"Advanced Filters\"\u001b[39m\n              \u001b[33mclass\u001b[39m=\u001b[32m\"flex items-center text-[var(--foreground)] hover:text-[var(--primary)] transition-colors focus:outline-none focus:ring-2 focus:ring-[var(--primary)] focus:ring-offset-2 rounded-md px-2 py-1\"\u001b[39m\n            \u001b[36m>\u001b[39m\n              \u001b[36m<svg\u001b[39m\n                \u001b[33maria-hidden\u001b[39m=\u001b[32m\"true\"\u001b[39m\n                \u001b[33mclass\u001b[39m=\u001b[32m\"lucide lucide-funnel h-5 w-5 mr-2\"\u001b[39m\n                \u001b[33mfill\u001b[39m=\u001b[32m\"none\"\u001b[39m\n                \u001b[33mheight\u001b[39m=\u001b[32m\"24\"\u001b[39m\n                \u001b[33mstroke\u001b[39m=\u001b[32m\"currentColor\"\u001b[39m\n                \u001b[33mstroke-linecap\u001b[39m=\u001b[32m\"round\"\u001b[39m\n                \u001b[33mstroke-linejoin\u001b[39m=\u001b[32m\"round\"\u001b[39m\n                \u001b[33mstroke-width\u001b[39m=\u001b[32m\"2\"\u001b[39m\n                \u001b[33mviewBox\u001b[39m=\u001b[32m\"0 0 24 24\"\u001b[39m\n                \u001b[33mwidth\u001b[39m=\u001b[32m\"24\"\u001b[39m\n                \u001b[33mxmlns\u001b[39m=\u001b[32m\"http://www.w3.org/2000/svg\"\u001b[39m\n              \u001b[36m>\u001b[39m\n                \u001b[36m<path\u001b[39m\n                  \u001b[33md\u001b[39m=\u001b[32m\"M10 20a1 1 0 0 0 .553.895l2 1A1 1 0 0 0 14 21v-7a2 2 0 0 1 .517-1.341L21.74 4.67A1 1 0 0 0 21 3H3a1 1 0 0 0-.742 1.67l7.225 7.989A2 2 0 0 1 10 14z\"\u001b[39m\n                \u001b[36m/>\u001b[39m\n              \u001b[36m</svg>\u001b[39m\n              \u001b[36m<span\u001b[39m\n                \u001b[33mclass\u001b[39m=\u001b[32m\"font-medium\"\u001b[39m\n              \u001b[36m>\u001b[39m\n                \u001b[0mAdvanced Filters\u001b[0m\n              \u001b[36m</span>\u001b[39m\n              \u001b[36m<span\u001b[39m\n                \u001b[33maria-hidden\u001b[39m=\u001b[32m\"true\"\u001b[39m\n                \u001b[33mclass\u001b[39m=\u001b[32m\"ml-2 text-sm text-gray-500\"\u001b[39m\n              \u001b[36m>\u001b[39m\n                \u001b[0m▼\u001b[0m\n              \u001b[36m</span>\u001b[39m\n            \u001b[36m</button>\u001b[39m\n            \u001b[36m<div\u001b[39m\n              \u001b[33mclass\u001b[39m=\u001b[32m\"flex items-center gap-4\"\u001b[39m\n            \u001b[36m>\u001b[39m\n              \u001b[36m<div\u001b[39m\n                \u001b[33mclass\u001b[39m=\u001b[32m\"flex items-center gap-2\"\u001b[39m\n              \u001b[36m>\u001b[39m\n                \u001b[36m<svg\u001b[39m\n                  \u001b[33maria-hidden\u001b[39m=\u001b[32m\"true\"\u001b[39m\n                  \u001b[33mclass\u001b[39m=\u001b[32m\"lucide lucide-arrow-up-down h-4 w-4 text-gray-500\"\u001b[39m\n                  \u001b[33mfill\u001b[39m=\u001b[32m\"none\"\u001b[39m\n                  \u001b[33mheight\u001b[39m=\u001b[32m\"24\"\u001b[39m\n                  \u001b[33mstroke\u001b[39m=\u001b[32m\"currentColor\"\u001b[39m\n                  \u001b[33mstroke-linecap\u001b[39m=\u001b[32m\"round\"\u001b[39m\n                  \u001b[33mstroke-linejoin\u001b[39m=\u001b[32m\"round\"\u001b[39m\n                  \u001b[33mstroke-width\u001b[39m=\u001b[32m\"2\"\u001b[39m\n                  \u001b[33mviewBox\u001b[39m=\u001b[32m\"0 0 24 24\"\u001b[39m\n                  \u001b[33mwidth\u001b[39m=\u001b[32m\"24\"\u001b[39m\n                  \u001b[33mxmlns\u001b[39m=\u001b[32m\"http://www.w3.org/2000/svg\"\u001b[39m\n                \u001b[36m>\u001b[39m\n                  \u001b[36m<path\u001b[39m\n                    \u001b[33md\u001b[39m=\u001b[32m\"m21 16-4 4-4-4\"\u001b[39m\n                  \u001b[36m/>\u001b[39m\n                  \u001b[36m<path\u001b[39m\n                    \u001b[33md\u001b[39m=\u001b[32m\"M17 20V4\"\u001b[39m\n                  \u001b[36m/>\u001b[39m\n                  \u001b[36m<path\u001b[39m\n                    \u001b[33md\u001b[39m=\u001b[32m\"m3 8 4-4 4 4\"\u001b[39m\n                  \u001b[36m/>\u001b[39m\n                  \u001b[36m<path\u001b[39m\n                    \u001b[33md\u001b[39m=\u001b[32m\"M7 4v16\"\u001b[39m\n                  \u001b[36m/>\u001b[39m\n                \u001b[36m</svg>\u001b[39m\n                \u001b[36m<select\u001b[39m\n                  \u001b[33maria-label\u001b[39m=\u001b[32m\"Sort by\"\u001b[39m\n                  \u001b[33mclass\u001b[39m=\u001b[32m\"px-3 py-1.5 text-sm border border-gray-300  rounded-md outline-none focus-visible:ring-2 focus-visible:ring-primary/50 bg-[var(--background)] text-[var(--foreground)]\"\u001b[39m\n                  \u001b[33mid\u001b[39m=\u001b[32m\"sort-by\"\u001b[39m\n                  \u001b[33mname\u001b[39m=\u001b[32m\"sortBy\"\u001b[39m\n                \u001b[36m>\u001b[39m\n                  \u001b[36m<option\u001b[39m\n                    \u001b[33mvalue\u001b[39m=\u001b[32m\"\"\u001b[39m\n                  \u001b[36m>\u001b[39m\n                    \u001b[0mSort by\u001b[0m\n                  \u001b[36m</option>\u001b[39m\n                  \u001b[36m<option\u001b[39m\n                    \u001b[33mvalue\u001b[39m=\u001b[32m\"price\"\u001b[39m\n                  \u001b[36m>\u001b[39m\n                    \u001b[0mPrice\u001b[0m\n                  \u001b[36m</option>\u001b[39m\n                  \u001b[36m<option\u001b[39m\n                    \u001b[33mvalue\u001b[39m=\u001b[32m\"date\"\u001b[39m\n                  \u001b[36m>\u001b[39m\n                    \u001b[0mDate Added\u001b[0m\n                  \u001b[36m</option>\u001b[39m\n                  \u001b[36m<option\u001b[39m\n                    \u001b[33mvalue\u001b[39m=\u001b[32m\"size\"\u001b[39m\n                  \u001b[36m>\u001b[39m\n                    \u001b[0mSize\u001b[0m\n                  \u001b[36m</option>\u001b[39m\n                  \u001b[36m<option\u001b[39m\n                    \u001b[33mvalue\u001b[39m=\u001b[32m\"location\"\u001b[39m\n                  \u001b[36m>\u001b[39m\n                    \u001b[0mLocations\u001b[0m\n                  \u001b[36m</option>\u001b[39m\n                \u001b[36m</select>\u001b[39m\n              \u001b[36m</div>\u001b[39m\n            \u001b[36m</div>\u001b[39m\n          \u001b[36m</div>\u001b[39m\n        \u001b[36m</div>\u001b[39m\n      \u001b[36m</div>\u001b[39m\n    \u001b[36m</body>\u001b[39m\n\n      199 |       render(<SearchFilters properties={[]} onFilteredResults={mockOnFiltersChange} />);\n      200 |\n    > 201 |       const priceInput = screen.getByPlaceholderText(/Nga \\(/i);\n          |                                 ^\n      202 |\n      203 |       const duration = await measurePerformance('search-filters-debounce', async () => {\n      204 |         // Simulate rapid typing\n\n      at Object.getElementError (node_modules/@testing-library/dom/dist/config.js:37:19)\n      at node_modules/@testing-library/dom/dist/query-helpers.js:76:38\n      at node_modules/@testing-library/dom/dist/query-helpers.js:52:17\n      at node_modules/@testing-library/dom/dist/query-helpers.js:95:19\n      at Object.getByPlaceholderText (src/__tests__/performance/component-performance.test.tsx:201:33)\n","name":"/Users/rediballa/real-estate-website/src/__tests__/performance/component-performance.test.tsx","startTime":1772036249498,"status":"failed","summary":""}],"wasInterrupted":false}
